2024-04-19 16:37:51,166 INFO  [Log] Login successful 
2024-04-19 16:37:59,798 INFO  [Log] Add success 
2024-04-19 16:38:06,613 INFO  [Log] Edit successful 
2024-04-19 16:38:10,672 INFO  [Log] Delete successful 
2024-04-19 16:38:14,308 INFO  [Log] Logout successful 
2024-04-19 17:24:00,608 INFO  [Log] Login successful 
2024-04-19 17:25:33,056 INFO  [Log] Login successful 
2024-04-19 17:27:57,913 INFO  [Log] Login successful 
2024-04-19 17:28:06,129 INFO  [Log] Add success 
2024-04-19 17:28:11,679 INFO  [Log] Edit successful 
2024-04-19 17:28:14,504 INFO  [Log] Delete successful 
2024-04-19 17:28:17,403 INFO  [Log] Logout successful 
2024-04-19 17:30:52,102 INFO  [Log] Login successful 
2024-04-19 17:30:58,938 INFO  [Log] Add success 
2024-04-19 17:31:04,038 INFO  [Log] Edit successful 
2024-04-19 17:31:06,747 INFO  [Log] Delete successful 
2024-04-19 17:31:09,044 INFO  [Log] Logout successful 
2024-04-19 17:36:14,268 INFO  [Log] Login successful 
2024-04-19 17:36:21,259 INFO  [Log] Add success 
2024-04-19 17:36:26,245 INFO  [Log] Edit successful 
2024-04-19 17:37:58,890 INFO  [Log] Login successful 
2024-04-19 17:38:06,382 INFO  [Log] Add success 
2024-04-19 17:38:11,732 INFO  [Log] Edit successful 
2024-04-19 17:38:14,319 INFO  [Log] Delete successful 
2024-04-19 17:38:16,472 INFO  [Log] Logout successful 
2024-04-19 17:43:11,586 INFO  [Log] Login successful 
2024-04-19 17:43:18,815 INFO  [Log] Add success 
2024-04-19 17:43:23,939 INFO  [Log] Edit successful 
2024-04-19 17:43:26,496 INFO  [Log] Delete successful 
2024-04-19 17:43:29,533 INFO  [Log] Logout successful 
